25 0 164 4 246 276 193 218 200 213 281 282 50 22 160 48 101 181 51 192 17 155 206 84 211 130
23 110 75 259 260 285 91 188 39 202 254 82 177 269 6 25 201 112 252 126 1 77 274 183
27 212 85 162 136 290 44 113 277 29 222 217 271 61 73 42 235 291 16 115 55 145 297 71 270 240 169 2
24 168 275 8 286 159 127 150 156 226 224 241 121 111 197 237 76 5 205 12 106 30 272 9 175
23 167 108 296 24 95 74 60 79 53 28 174 3 109 93 283 35 196 223 215 229 153 149 132
22 41 88 133 137 171 267 166 214 102 239 268 163 117 147 90 131 238 78 141 256 189 208
19 299 62 227 273 129 32 204 68 195 190 83 248 265 100 251 154 94 52 165
20 184 148 263 18 63 21 40 185 209 207 140 81 199 250 266 288 279 46 178 151
18 134 203 58 225 15 245 96 128 146 26 10 139 264 182 231 262 293 257
17 249 210 144 38 284 157 86 298 114 119 124 255 292 59 47 143 247
12 34 13 57 244 258 23 70 242 142 120 69 49
9 180 92 172 170 219 43 186 123 173
12 87 56 232 64 11 89 118 45 98 228 97 278
8 80 19 27 138 20 289 176 135
5 103 107 236 104 37
4 161 187 191 233
5 294 105 122 66 194
5 198 230 158 31 280
3 125 243 67
4 72 261 253 152
4 116 220 295 287
2 54 14
1 7
1 216
1 99
0 
0 
0 
0 
0 
0 
0 
0 
0 
0 
0 
0 
0 
0 
0 
0 
0 
0 
0 
0 
0 
0 
0 
0 
0 
0 
0 
0 
0 
0 
0 
0 
0 
0 
0 
0 
0 
0 
0 
0 
0 
0 
0 
0 
0 
0 
0 
0 
0 
0 
0 
0 
0 
0 
0 
0 
0 
0 
0 
0 
0 
0 
0 
0 
0 
0 
0 
0 
0 
0 
0 
0 
0 
0 
0 
