9 4686 7295 6592 6396 4697 231 6539 391 840
9 8439 3479 955 4197 307 8185 706 1653 757
8 768 3561 3762 2839 4269 3458 8942 2862
9 4258 1450 5384 291 296 2301 2508 2090 1507
9 3363 9193 9697 302 1622 9432 2029 4186 1972
11 6672 3240 8145 8558 7938 3359 5606 3369 5592 7509 8850
9 5260 3485 1398 1136 3480 8138 4277 8301 1207
5 3760 1585 6520 3076 6828
7 4719 3728 7377 6260 6390 2252 1288
6 1952 5506 2586 4795 3713 5407
14 3572 2797 4376 1592 9302 429 9204 5741 2373 4193 8540 1082 4348 5449
8 7201 346 7526 8398 8622 8123 9326 8012
4 29 2227 2813 4841
6 5138 8132 6664 336 8098 2363
5 3296 4956 1837 5891 8163
6 390 9061 5688 2764 2185 2563
7 4184 3552 6147 6050 3711 4865 587
5 9051 7228 8797 3741 3931
4 563 9377 2208 2210
7 2307 9999 5857 8684 4803 4783 8925
10 3997 3831 522 8286 132 1786 1001 7307 6458 2909
6 2576 8651 6497 6826 5501 9476
9 3844 1670 2287 5269 6087 1552 9069 1293 6934
5 1813 7089 9753 8874 4399
5 2299 392 6675 1730 8267
4 8137 8897 1858 3984
11 961 5053 2065 7954 3627 2488 8888 8349 2704 144 1662
4 3781 9796 8171 2659
8 9742 5319 5135 5820 8959 4145 9443 3110
7 8681 6308 2376 6890 6500 1829 4296
6 3702 592 9522 5127 9005 44
11 7692 4023 101 611 4492 6210 431 2170 8499 5874 8674
9 833 4777 1502 7758 325 1247 2318 7681 2521
5 7240 4540 9211 6300 7820
9 1409 9040 7328 4745 7753 5616 8321 7855 3871
7 9604 4340 8721 4013 2618 9391 790
7 2632 2205 6845 5149 5224 2273 480
6 7841 1254 9172 3664 3346 2554
6 3795 9464 6035 2055 2786 9786
4 2104 9243 9573 2169
3 4310 1134 2658
6 9793 4220 8528 7138 1547 9472
6 8868 8866 9591 3273 5265 8865
5 2948 9765 2905 8210 8232
7 5435 7996 7215 4759 5543 20 1950
8 8977 9095 7112 8124 8802 2770 5399 8980
6 4879 5002 9123 7123 994 3378
8 9891 5251 9 6766 3812 8089 2746 4271
13 2213 1681 8779 9218 7547 6667 6236 8501 8943 7105 7589 2671 3950
9 2024 6345 8639 879 56 1092 8905 3412 3517
6 9535 3926 5865 1115 4662 5456
5 1915 4032 9329 8036 1425
6 8247 8114 7410 3286 9203 4393
10 6376 4259 7853 3192 1807 4731 3250 4790 1905 4861
7 6773 1283 5533 8008 5144 60 8648
6 1731 2148 2449 1083 9887 9956
6 2279 99 5362 3662 8054 4041
7 580 2247 5717 1161 3111 1929 9931
11 4003 9132 985 7368 6999 9787 7175 1652 6524 868 8789
6 5708 8843 8535 3275 4729 7281
7 8828 1035 4545 7765 4091 2824 9850
9 2123 4480 5499 6482 1242 8352 8738 980 6693
5 1975 367 566 9714 4124
6 8215 898 6148 195 9637 8013
8 6427 6153 623 1230 1244 5266 2224 479
6 8420 7831 7642 9878 3035 8594
6 3717 7289 3237 6534 3857 2322
4 4057 3928 9876 1958
6 1413 1216 2211 1290 4923 8046
8 849 5346 8929 5855 6487 6533 7824 4129
7 3988 4856 9717 644 1881 7795 1038
5 1365 2631 4844 5476 3698
9 6204 9964 2518 7170 866 3929 5390 7950 4185
11 9579 6746 582 62 5258 3959 9351 5416 5110 901 9334
7 634 9239 6676 5248 8690 4531 9196
6 6570 329 7489 4484 170 5398
6 764 3175 8249 8332 925 1403
5 4669 5055 5923 5334 3626
5 5836 9057 8778 3749 8308
7 9692 9308 6586 7168 1708 124 6492
4 5099 7899 4378 3087
4 5252 4716 759 7223
7 5608 3715 2010 9525 906 8467 1966
5 1795 995 4049 3858 797
11 3005 7277 2511 3967 5778 7852 6346 406 4116 7566 6400
9 6784 4029 5625 1882 9177 547 7881 7906 2625
7 2360 9622 1362 1426 5047 8582 729
9 9272 4970 9893 3189 1028 1894 5973 6022 8443
7 5804 2526 1203 3268 1722 4951 1510
8 8015 647 5438 6435 2286 3665 8044 8941
4 3671 1931 2103 3569
5 9043 6136 6665 443 6111
10 1651 4733 6526 927 3456 2221 9690 9776 7964 8375
11 2790 7876 6699 1466 9718 1761 2201 910 1570 7593 5175
9 8513 6352 9445 8764 6046 8337 2493 5037 6750
5 812 8083 1636 8371 3589
7 5648 6509 3322 4931 632 1577 4319
9 6103 2319 7018 2705 9454 6768 6315 6193 5538
5 8265 3780 9396 3153 5944
6 1027 8861 8002 9517 9536 4203
5 6133 9277 3431 9545 2853
5 3970 2937 5985 5459 9390
10 3952 9647 6674 490 844 6246 9120 6955 6271 1336
9 4467 454 1096 2052 1103 8126 6405 3630 3069
6 1481 3128 6 9532 4922 9215
10 3228 2678 3290 8364 7348 1329 9461 8638 86 5672
8 9967 4982 1658 4448 1760 758 6444 5415
5 3345 8404 1156 3969 131
10 2190 1382 2506 5239 4564 3914 9794 4160 6505 5244
10 2314 4837 2817 3020 9955 3179 7219 9977 3097 5798
5 1926 1638 4042 4374 8196
7 4368 2870 4408 2902 7869 265 1718
5 5209 5524 5063 1003 7111
6 7265 3238 6227 747 3287 6073
5 2466 1868 1327 4700 452
5 9186 5142 8429 3324 1680
2 8019 6872
6 1575 45 7480 4181 59 6507
7 7298 4748 3452 5361 2843 2926 3987
5 4779 7100 1822 3727 6997
8 497 2380 9903 4446 6011 2358 5697 8712
8 8815 7439 9699 4172 4650 6918 8625 1120
6 7952 3725 7947 3347 58 9312
3 2691 7405 4978
4 8879 6335 6465 2038
4 4696 7221 8957 4908
8 7047 3599 3806 5489 2458 6191 8269 9766
4 8106 4332 2408 7371
8 9592 7857 8592 4479 2073 8178 8569 2238
5 3280 7288 3279 5575 9430
9 4330 7573 9092 9942 5274 7800 1694 6624 2276
8 3888 7644 5085 9014 9676 859 7537 2130
8 4031 5698 6380 2420 3183 8397 2098 8169
6 9206 4751 8238 5474 410 4474
10 3732 1221 7656 4524 6460 5661 5051 953 2617 8131
2 3021 7133
8 1934 5118 7485 5286 7011 6569 7257 3897
6 2590 1060 3853 7611 234 4305
6 114 7386 9609 1437 5108 2816
4 5580 3809 1080 9088
4 7742 3954 3543 224
7 738 915 2915 8053 1452 2529 5125
10 3282 6420 5805 977 8860 8863 5867 2914 4292 5460
4 3083 8909 2755 7349
4 5327 9979 8147 8543
10 8550 4122 53 4215 5910 3998 5607 6291 6339 5065
6 788 3889 8218 7851 3386 3886
6 2756 6354 1927 3791 7992 4018
6 7585 7715 2544 6723 7723 9311
7 3834 2403 7673 7766 1084 9577 8091
6 2958 6788 6250 3500 2998 1107
8 6234 456 3595 4313 9222 3390 4103 5273
7 4441 6389 3389 9885 4820 2897 6690
7 8742 339 3797 6470 51 638 8377
4 9146 749 6632 5723
9 7063 6289 8289 6899 2606 2730 1347 5179 9354
8 5679 5676 7886 3427 6775 7641 4962 8216
5 2546 5448 3042 6323 7586
6 8097 2640 6112 1581 8777 8654
3 9634 7404 3274
7 2965 882 6406 7074 2300 7917 557
6 7384 4363 795 6613 9568 5629
7 9056 1981 5736 8385 8971 998 4501
12 444 3305 5394 9709 7189 5832 4403 6769 3132 4509 7264 5848
5 824 5765 465 8612 1898
6 1127 7251 5961 9281 1210 2117
7 9606 7545 5126 4768 7705 2321 971
8 9180 1601 6262 8853 6027 2643 5821 5939
6 236 4670 4272 6748 6448 7834
10 7663 2602 213 4804 7671 7216 6461 1367 667 295
8 1690 5073 8456 3081 7283 9673 1404 6364
5 8191 3339 2847 1378 5854
8 2739 4810 2070 1374 6423 136 7185 5682
11 4394 9330 2667 1026 6754 4547 4728 2604 3014 5631 8775
8 6884 2367 9905 8849 1951 7989 2650 4732
6 8283 2619 8734 4987 7001 6273
8 6292 73 6007 1540 6302 5720 616 1740
9 3354 4817 5673 8503 9499 5493 9971 6919 6623
7 8806 491 289 6782 1158 7 4955
7 6456 2716 2144 7836 8572 181 9759
7 7945 7359 4240 6612 3522 626 8717
7 9417 434 36 2469 4416 9404 3884
5 796 3652 3310 1043 70
6 4081 1901 9614 8704 3712 5726
8 3334 5335 8545 6891 6294 1823 6976 5665
6 7844 3898 3745 5003 6104 2450
5 4774 2865 7979 1343 5841
6 5326 6397 4361 3558 5331 7617
7 6092 6731 2226 4976 8507 2993 954
5 4059 9989 2271 9875 6944
4 4329 8716 3140 3064
7 143 4357 9373 1878 571 9465 4726
5 8100 9502 962 5916 3172
7 8291 9661 8487 3388 562 5029 7441
9 857 3932 5056 4620 5446 9811 8423 7302 6439
6 8836 4341 2138 3099 5439 5046
5 7774 603 6499 5293 9922
4 7374 5653 2165 7568
6 2613 223 2726 9217 8740 4760
7 414 4835 1645 5203 6981 748 1677
7 2787 7209 1691 1758 2873 2818 3484
4 9484 7733 8607 8480
6 270 9259 6433 2623 3302 3545
5 9870 3252 7983 1549 3402
7 3973 6770 7144 1052 794 421 8744
8 6219 6810 3548 3243 2806 5443 5044 1261
7 4297 5851 3079 2610 2155 5659 2878
5 1991 8825 8255 8414 5111
8 8753 5884 8242 727 6911 7163 1848 939
9 3708 3344 7192 899 1375 7739 9227 7238 4424
6 2352 5555 8078 1903 3041 8280
8 6437 5417 1779 6937 1486 9650 3887 2223
5 7880 4165 7356 3956 4383
10 7564 7567 5442 3121 1505 7107 8195 4127 1801 9938
6 8326 958 3229 6330 5817 4778
6 574 1149 5157 7597 9304 526
4 9655 1318 746 8069
12 2702 2437 8442 3323 1588 1623 9958 7315 9004 3115 383 9932
4 8643 9451 8331 7814
5 8306 8120 4631 6700 6702
8 7806 7296 2096 8201 3934 2638 7667 9250
8 3685 2872 6486 1566 8230 6388 8174 6853
4 9495 3918 8402 1226
6 6172 8468 4067 3687 6051 8211
6 7314 1485 2280 3978 845 8677
5 7261 1865 1019 5931 8222
4 5799 4567 3313 8022
3 9970 49 966
5 895 3681 3277 8350 3033
13 6026 2324 7805 3142 2394 5703 4457 9212 2689 2886 936 1202 7969
5 7596 9129 3028 5784 4883
5 1037 818 226 1306 3218
9 3866 5601 528 8709 3091 9635 3586 5077 263
6 5771 8305 2567 8862 3080 9309
7 7794 5556 1780 684 2203 731 7002
8 6149 8144 2353 4996 5745 6933 9013 900
6 6496 488 2794 7083 9771 5434
8 4894 7280 8455 7369 2851 8808 2427 3032
8 8573 3205 354 9555 3264 9439 9940 6288
9 9000 3933 9534 7096 9332 3184 8087 1191 5647
9 230 6975 2030 9161 2481 8946 8080 8463 8669
9 8292 4847 7204 4287 4498 7878 5964 1619 8519
7 4372 6837 7511 5876 9126 8939 4750
7 5611 9528 7024 9616 7623 9387 9916
7 1421 903 6299 7165 7832 4140 6080
4 5485 5773 6099 4918
7 26 940 3039 4229 5109 3204 3000
9 8801 179 9310 1259 8680 9558 9719 2188 913
9 974 6859 3908 334 5951 4149 424 3825 7008
4 5436 8226 1809 316
5 9162 9145 4904 6521 4445
8 4681 8954 9726 8474 5811 6124 6595 7708
7 5317 7963 8333 5117 9608 2457 2253
6 6935 8949 1936 8532 1277 7539
4 2099 1479 6717 4641
7 3894 3551 2656 5333 9918 811 7166
6 4482 8811 870 4390 1304 7039
7 5488 3943 441 7980 3422 6477 3523
4 3093 1258 3994 4315
6 894 4409 7827 5318 6453 1157
6 8498 6606 7639 4811 2820 142
7 9978 5307 7052 2460 6514 4554 8818
7 7418 822 469 973 3860 7976 7395
7 2078 5503 2890 3559 4451 6419 3514
5 1196 679 2200 4886 8908
6 3248 12 2819 9937 6434 7049
5 8922 8372 1301 1825 9034
9 1253 2232 1238 888 5752 7303 471 1091 8217
6 5527 2266 6318 7459 7603 8497
4 9224 5220 3478 4178
8 1008 673 6328 3509 9756 836 8384 5791
6 1746 4466 8927 1128 5348 4156
7 5954 7037 9184 4972 3246 7481 4047
8 9652 8953 8143 6986 9248 1826 5174 5408
10 6430 7237 4903 8920 8839 6701 3520 9201 7825 630
7 7071 5651 2088 2925 1359 3819 9025
8 4379 7211 2833 9059 781 1928 2139 5275
3 8088 8070 1150
8 5992 5532 6774 4108 2354 4476 4401 7487
6 8790 2175 9668 8611 7035 5504
7 9292 9299 8344 9542 7408 3611 1173
3 6650 1892 5150
5 8152 9590 8202 9488 7335
13 3567 9553 4874 2131 7822 8515 7826 5788 4578 8084 472 8898 3618
7 7329 4387 5595 6546 6978 3413 108
13 8419 3773 1686 7043 9400 3801 1762 2628 7079 5311 7161 8770 2848
6 1081 5418 4543 9097 7358 8907
6 9369 9531 1526 8710 7783 6084
5 2629 6950 4862 6212 7590
9 5660 6173 8314 9367 3923 4425 2158 299 3043
9 9401 2808 2616 803 787 3927 4022 1938 3048
6 6278 5877 3971 2845 2814 3224
7 2311 4762 6941 7423 7087 4640 5586
10 160 8914 3151 1631 5927 1895 4522 4901 2243 6185
6 2674 6684 7476 1093 343 4757
7 9017 8258 6640 4755 1841 4812 7527
7 2281 869 8392 281 1642 2540 4077
6 1571 3171 3942 7714 5508 9860
7 2222 8661 7469 2192 7304 3525 7953
7 71 1851 5521 8141 9827 4725 3880
12 6851 9407 4009 2125 5681 5145 756 8282 371 4723 1360 6494
12 4537 1767 3450 4001 8523 5871 5270 5977 1514 4338 3562 5588
10 6786 559 9715 653 7317 5581 4295 4542 5937 3440
9 8108 7505 7648 75 5644 5461 1654 1962 5547
7 5520 543 861 5796 3441 3588 3836
6 216 8541 7688 4916 5775 635
11 4878 9959 8769 7939 6440 3162 2277 6351 664 3576 4268
8 8848 3232 7023 4753 9493 9024 3771 182
6 4827 1904 5718 4252 8884 4392
4 9578 2815 4320 5790
7 6072 8972 2028 8327 8887 9198 3631
10 6910 9945 909 9315 1440 5468 4189 5696 4218 7290
6 2084 6151 8880 9339 5395 7696
5 4958 5345 2679 2836 8636
8 2425 3753 4926 2331 5147 4961 2294 1558
5 6779 1544 9669 5190 6258
8 9869 8601 9050 858 3535 1249 8166 3107
6 6909 5030 2569 9533 1594 4891
7 9242 6894 9877 8809 8199 8847 4243
5 2214 1820 1350 9638 2163
8 5256 6638 8451 6070 5873 532 1961 8363
9 6752 1016 8322 4086 8110 4649 1704 6993 8910
9 6165 9103 358 1448 1059 8626 1118 204 4488
7 6777 9589 9168 8613 7751 4350 1076
6 569 1063 3690 8552 7702 914
6 6554 4308 2113 2334 3126 7338
9 5539 7764 7799 7651 3260 5617 6176 8718 1006
8 9002 4907 8272 7136 2608 5035 7311 2441
9 6283 1457 628 1567 7132 1641 5467 5232 8057
3 9188 1805 5512
7 4739 7782 2229 8041 3903 5596 2114
8 7106 6079 2598 221 8043 8461 13 8311
10 9199 4206 461 3948 4406 4187 7222 1164 4281 9749
11 8950 1985 52 9323 344 3300 7748 5637 1599 6490 573
8 9425 8928 9200 6209 7660 6603 5230 1089
6 7020 301 6637 8683 2953 8001
6 3557 4570 4075 3407 7350 3349
9 1790 6858 3574 9686 776 8580 3063 7391 2257
8 6962 2303 356 1234 2940 1788 9781 1212
4 5551 451 5068 3899
11 2881 2061 7081 1537 3776 3150 3507 1195 4157 9711 590
5 3272 2255 2880 9131 7559
9 2982 7528 1742 8476 5544 6958 3612 4311 2597
5 7972 6295 5685 5078 7968
9 2536 1189 9333 5027 331 4785 579 737 4747
3 2007 2961 9350
8 4168 6109 7740 8095 220 6368 3185 6870
6 4561 7598 6789 9990 662 1574
6 8220 7761 9567 1579 321 107
9 3295 8359 4765 191 8365 3180 2326 7649 9703
7 1496 7029 340 7051 4303 8893 5542
7 8624 4766 1621 3434 8966 2750 2002
9 3393 9232 5133 3094 5894 5084 3010 6817 6285
11 15 3336 6506 5640 3944 5924 2267 3417 3492 7214 1185
8 9470 5475 5558 2903 7400 6988 7152 9792
7 248 8763 8393 1377 3026 7054 4192
6 777 7267 2202 2100 2410 9639
6 7901 785 855 6644 1366 9716
7 5959 2537 5385 3304 2868 1976 7937
6 5375 4859 2795 6349 455 6063
5 1109 3118 9494 7017 4568
9 3700 2841 4936 5781 3922 4741 6358 1204 5225
5 1607 1427 4316 1939 3380
5 4991 1373 4553 1454 9854
8 5101 446 791 8479 7991 5354 3255 1055
6 3864 8142 9960 2683 6626 2145
4 4589 3679 6573 1602
9 1349 6314 6555 1435 4626 6005 5280 3335 7606
8 2489 3096 420 981 4900 3098 5432 8685
8 2740 4514 4454 8067 2615 5840 3656 1923
8 3609 9857 8336 304 361 8526 7828 9399
5 32 9740 246 2579 2312
6 4094 3177 5918 1699 3945 2152
5 8436 9747 8221 7496 1410
8 2438 7781 8136 3106 721 3387 948 6467
9 5105 43 3001 6661 2161 8723 9818 6229 9993
5 1379 251 8430 9782 7985
10 6708 5917 6953 3639 1239 1812 6233 3134 6931 1948
5 2091 2499 6614 9700 4695
6 4882 5545 4180 1698 5760 5423
6 8745 8867 7803 9241 8411 3883
4 5812 9336 1473 3617
7 4890 9010 5264 401 7268 4909 9317
4 4823 3447 4298 176
11 6587 5341 8621 8829 3013 4182 2378 2298 5368 2772 8921
5 7809 1483 1322 9849 3644
9 8055 4932 8390 2333 8315 1935 3223 3125 9467
7 7578 4552 7974 9413 5373 393 3284
6 2798 1798 4672 6895 5731 7183
6 3225 1487 7863 1174 6685 2361
10 5627 5287 4114 705 5869 1506 7073 6045 504 4354
5 3533 3415 8260 2197 7615
8 5948 3487 3804 5178 5397 360 8517 8454
4 8952 6585 7756 2134
8 6525 1243 7027 2249 6306 5414 7242 1020
10 8410 7149 7646 3473 9122 3832 6183 8986 675 1472
4 7839 1144 3723 4120
3 4138 5253 4683
8 3330 1358 6373 4456 5410 5926 5666 3350
5 3154 8026 3824 1701 2409
