8 3563 1915 9539 9109 5690 4014 6491 7264
8 9889 2968 3668 6496 9154 960 6422 4659
6 9389 8909 8194 9784 722 3227
8 8777 4411 953 9544 1921 1177 8392 9895
6 5671 4733 4532 4685 2388 2107
4 5807 7518 3595 9478
11 6131 7204 4296 1974 5698 6480 9192 124 1635 3116 4329
10 6349 6401 4462 2964 1937 8964 7907 4916 4361 7414
8 8378 4461 6038 1551 1508 531 2254 470
7 4157 6964 8785 8816 8351 7326 4964
8 4351 9687 8061 3634 2155 4171 2338 7527
8 8892 8139 7424 3554 7908 8694 819 3143
7 6445 3785 4021 7567 47 6588 5885
8 2606 8216 4418 6755 4789 3748 1627 2423
10 4976 2745 7950 9908 9841 4977 5320 7162 2103 6148
7 4998 4832 624 8114 9932 973 9604
7 5772 3372 6028 5948 2406 2497 9403
14 1074 4448 4405 5892 7139 9667 4352 6404 3381 6650 9847 6061 2561 4576
6 7288 9305 9657 3872 3952 3767
5 415 6181 6806 9786 1766
3 7886 6014 1199
6 4476 2052 3202 2480 6051 2504
7 8779 4150 2075 6279 7996 3504 592
7 6805 9065 4138 6564 4881 1363 647
8 3480 3743 7002 3048 6830 7911 5638 4131
7 6751 1629 4222 3422 9724 5410 8696
7 1338 8195 6974 2267 5065 6301 9860
7 4766 1522 7471 1793 7747 5273 6091
5 1421 1008 5870 9958 5255
9 9817 8389 6345 4600 5991 8784 4364 2518 63
8 7305 2461 8018 8776 696 8412 7577 9600
12 7707 1080 2147 7212 5067 948 2189 1672 5930 8715 9914 4087
5 1821 9573 8395 5723 7641
10 2153 235 3649 6513 7978 2668 1778 9770 6413 341
8 5863 4490 2751 978 2031 8887 3808 7555
10 1831 5242 2445 7474 5361 4690 7947 900 6164 3580
6 7440 7852 4585 7153 870 8311
12 4949 3927 3841 6573 371 4680 9866 2587 1990 8385 7272 2507
8 6494 4155 5615 1266 7164 2810 9827 4331
7 623 46 1295 7775 7460 6121 6627
8 1971 3289 8151 7270 5635 8314 5681 6835
4 9641 9163 7936 5107
7 2583 5041 8711 4285 4708 3386 5738
6 7483 8630 7007 4978 697 6479
6 2380 5418 3285 5551 9343 6575
6 1708 1172 3633 9838 5002 9346
10 9080 6305 2444 7997 7050 6639 9969 3517 4915 2436
5 3438 3101 3826 8670 8465
13 851 4667 239 6333 8520 6201 6068 5285 3021 6546 537 4901 2894
7 3659 2906 4422 8683 9941 9410 9577
5 4308 6332 7817 1596 3082
8 3567 7128 2443 5470 283 9799 6576 9556
7 2680 535 1891 2306 3769 2994 1445
14 9798 9910 7506 3789 2376 4196 8770 4058 8768 6952 1864 2611 4254 2451
9 3755 3802 6372 4459 7837 1099 4539 7774 6441
14 2318 3110 7068 9264 1906 7717 480 4270 4762 6732 2565 4184 1185 3399
16 3851 834 3466 3031 2598 1311 2694 1718 9894 1762 8514 1484 3188 8360 5707 4275
5 2848 5044 6088 6632 233
6 6557 893 6017 5033 4556 1289
8 3960 5609 4714 4962 5561 3555 7341 5211
10 1355 5341 5180 9335 3311 1212 9802 4419 7215 7649
8 7490 2041 2067 9782 8167 2367 6065 6172
6 949 342 4695 6149 1911 2895
7 3001 1534 9244 5526 4354 1637 6207
7 9801 889 8819 869 9481 8945 6090
10 3984 5414 113 6986 2264 6141 6537 7049 8618 7456
6 7066 8180 6730 5269 2249 3232
6 8184 6129 2582 1773 3901 5284
4 5780 849 3107 6906
5 8680 8994 2783 6511 1851
7 7246 6498 1071 9697 9204 2659 5517
10 2387 6521 8985 5937 3959 6011 2634 5204 4502 694
10 5722 7057 7452 6447 3946 6843 5851 3531 5953 5921
11 6298 5015 2473 8962 9819 5507 3868 6810 825 6173 4347
5 4292 2676 4963 4188 6614
8 4249 8610 4580 2952 6647 2957 9982 2681
7 5916 8735 8810 9869 3876 2936 3818
8 9858 1336 9013 2328 7731 4923 5644 1993
6 64 8032 3072 3570 496 2879
9 3265 5101 2865 2907 4287 6663 1268 8753 969
10 7210 1480 8380 5918 6821 1150 4235 8225 4821 85
5 9589 4268 2481 7534 6371
10 9844 8190 7220 1978 7154 4111 2157 6587 126 8265
9 980 3675 2045 9968 1235 1954 9527 3642 5674
3 467 5208 3080
8 2608 6058 828 1428 714 511 7756 7021
8 734 5710 6377 2400 2716 3530 5486 582
9 6726 7411 8987 3840 7593 5789 6960 7134 7364
8 9572 2059 6271 9995 9296 845 7722 4625
8 6941 4258 4947 7178 6561 9404 4747 6405
9 6997 7958 1939 1559 9071 4097 2678 3857 6202
7 6886 8685 4699 4712 3006 6898 3444
11 1011 9045 9586 9580 950 3106 9015 1315 119 7260 2084
10 1736 3572 4267 4973 4965 3918 6656 277 5988 7207
10 1600 8471 449 2315 1649 6548 205 1350 1298 3024
8 3565 4272 6814 7587 5631 2483 7559 9138
9 5989 5398 9731 8631 9607 1791 4871 3913 2786
11 873 4638 4772 7055 5221 8247 8893 9353 1714 8009 519
11 1312 7059 1046 4496 5389 9429 3421 6235 7533 1868 9307
9 1163 9134 566 3985 8443 3540 7806 7652 8636
12 9511 9399 9259 5215 5559 5859 616 8771 5836 8470 411 419
3 7107 8805 2925
6 4808 6133 2493 946 9558 5453
7 41 7841 2911 9882 212 1665 7885
8 7780 201 8729 4346 9431 362 6596 7234
8 6757 7920 7726 7850 5054 3071 6737 7690
6 7386 7294 9444 9330 9358 2980
8 3166 5996 448 6142 6942 2956 9510 7796
7 2754 3217 6490 3958 1533 9255 5666
8 3773 3842 7422 1503 1367 7315 6179 7688
9 5469 7600 8302 5725 7194 1690 6240 6135 3708
7 7083 4897 7839 8479 1106 2494 7010
8 1049 2087 2871 8354 5227 6320 7718 9700
5 9560 8082 7103 7540 9438
7 8640 2585 2804 2594 2809 2661 5193
8 549 8742 637 8682 1738 3120 9354 8307
8 1896 2559 5849 3472 3159 5897 7348 1154
12 1768 1145 4164 6896 3864 4439 3062 655 9388 503 2630 9741
13 90 9836 6312 963 1404 1615 491 6842 5591 4063 6680 1651 6787
10 2564 8379 3428 7631 9650 3366 2386 2213 2349 2149
7 735 3474 5960 6074 2901 6625 7492
6 2456 9383 5877 966 98 1648
10 2250 1543 9778 1255 1916 3057 5007 4256 7187 4644
8 8979 7152 3218 3038 4512 7537 2791 7368
8 4981 2670 7921 7399 8743 2007 9555 9212
8 7595 4664 5372 5432 7805 2969 578 4300
11 520 9557 3196 2667 2215 4339 265 8898 4875 5970 3810
7 832 6530 6955 8228 8240 2942 9918
9 9717 410 2619 2850 5712 7655 2532 3279 5178
13 2960 1693 6899 1798 8110 516 3468 6633 6390 2134 4707 3403 8548
11 5726 6406 6035 8632 1305 2311 5779 1345 7165 2016 7319
7 5679 2552 9152 2985 4767 2528 2217
10 9818 3608 7150 2893 9953 9991 9188 8409 5618 4775
5 5186 4615 977 1946 7887
9 8878 3607 8070 7861 4586 1653 5050 1027 7417
8 4261 1687 2779 4956 6969 9873 711 8799
8 9647 242 6442 1540 2523 4353 8387 7502
8 1115 7764 1211 7772 5231 3529 5365 6804
14 2604 9055 8578 5627 864 4041 2345 8959 1678 3074 8268 1638 4793 7820
13 981 9578 8473 5995 3586 652 6988 8092 518 4526 7470 2623 2288
10 1547 9237 2117 8388 6722 4540 7478 5473 3375 6216
15 8860 5321 8428 7376 4905 5184 7094 453 5375 2498 2620 6823 9505 2291 5823
13 3714 2210 1479 7090 8164 4412 6094 6189 8619 8583 6626 1991 5987
10 4110 2188 7758 195 2383 4026 6932 8879 7063 9418
12 3053 857 818 6784 127 3993 7174 9829 3970 5481 8096 9837
12 325 8633 5549 6921 4702 5489 2789 3601 8589 5562 3334 4678
5 7811 5667 6598 8037 7899
7 8361 9828 9018 764 4135 2431 447
7 5018 1727 2781 1399 1369 8062 5392
10 72 1523 4820 7926 1270 3957 8539 2530 4771 6246
8 8822 3838 7804 7903 4345 4635 5240 7917
10 1781 5099 3663 2902 1184 4791 2959 5729 8317 8629
12 9306 6907 3527 7156 6929 5678 7008 451 1928 8978 8596 8932
11 2870 558 3763 6504 5639 944 9977 7730 5029 9768 3436
12 5370 2919 3776 5338 29 2123 2904 1313 8374 1473 6542 4037
12 8406 8331 3676 351 5196 2776 769 8744 8298 340 3758 5928
10 6306 7881 4445 6161 9452 2616 8236 7608 6865 4605
13 3288 7129 2341 4810 814 9563 2881 24 3349 1607 1967 9748 2296
11 9691 3614 2065 8363 4954 6435 6217 5915 9615 3870 75
10 1086 5091 8487 65 1022 3404 3161 936 852 9643
9 4214 7659 9840 8270 240 4548 1801 6012 1397
13 2757 7563 985 2688 9142 1669 5342 2999 5317 9161 6269 6673 6159
9 6545 8065 2063 2371 561 3589 5717 2467 2719
8 6365 9638 1995 3522 5280 7697 8068 796
10 5554 1757 6972 5344 2441 121 6184 8416 3645 202
8 4396 3451 4683 9094 6266 8774 4643 6055
7 193 364 3996 4631 8402 7741 224
6 217 9198 7223 1739 9423 4594
12 3695 7146 7446 2269 4380 556 9164 3816 8187 103 5621 3059
8 5784 821 4590 3148 5569 3305 7934 5774
10 4304 5080 5267 5805 2844 2537 3173 7123 824 439
8 4612 7746 6654 6776 5736 7965 3008 4437
13 3341 8965 9032 3710 2094 5402 5161 7435 5374 937 8928 3345 2556
12 4620 5677 8084 6660 6013 4197 3796 4384 120 172 7654 7362
8 1155 8986 8585 8290 390 6029 1136 5950
12 5691 6607 8474 4209 6317 7666 8105 6524 3931 9349 6264 547
5 9413 8674 5261 1697 5021
14 4408 8239 8814 6251 6619 6533 8749 1705 8916 7900 2829 3956 9100 3829
11 3972 9374 7658 7972 2487 7729 2119 4592 3962 574 8941
8 3558 3547 9642 7521 3355 1464 4274 6947
14 13 8118 392 37 4468 8555 7810 4619 651 3083 6637 9971 9645 7854
4 5167 8353 3092 4516
8 6581 7231 5558 251 4682 1327 9003 641
12 2413 842 6020 8716 6239 2088 806 8891 2544 5548 5633 1001
14 522 5001 2192 346 5039 8788 6040 4360 7738 2834 2273 4913 9474 7568
11 5329 7257 7501 4571 8244 6920 4479 8272 3760 5787 3906
7 3979 3664 7801 9463 4674 282 2807
4 9149 788 7004 1875
10 8186 5538 1728 9705 9987 9767 4257 9293 145 4866
12 5875 7700 1844 9001 1287 378 7029 1446 3719 6762 8501 5513
8 967 3653 4698 9422 7966 166 8731 5042
11 8319 9680 3483 6108 8305 7261 990 7371 5491 951 6157
7 7182 3351 4827 2516 5845 9723 2099
9 2011 7873 4648 1763 8935 368 1323 3734 7322
10 8783 1570 396 7705 9927 1105 6883 5543 2170 3157
10 9883 6487 6054 2393 6532 1396 3467 4895 2105 730
5 1168 2991 7553 8895 5216
13 6519 6432 5986 5363 8836 4271 8823 1975 2357 7843 4872 7788 8918
7 4842 8024 501 5032 4518 1079 8132
10 337 4859 9124 3930 587 1288 4552 12 1655 9900
7 2691 2505 1010 1385 8750 8782 836
8 725 3910 509 5092 8011 8880 5527 6008
12 1726 2130 7571 8923 4342 8433 344 7930 2257 7789 9579 5275
11 4443 4833 9140 4979 4961 3712 9774 2572 2385 3030 4940
4 4790 4890 2448 6325
9 2820 2883 6360 6041 4561 6358 9698 9542 638
11 6931 8211 6786 823 5009 8658 6308 3207 8060 3138 573
15 136 5544 4449 5172 6569 8393 5391 8146 5430 891 1486 6397 8830 7214 2814
6 6897 111 2488 4237 4811 7542
12 7087 841 6659 3577 9620 7923 9613 5650 181 3940 3406 7970
6 3318 3583 1470 4224 3226 6783
12 2207 1652 4826 2938 8559 7807 940 2478 5256 2567 3197 5257
12 8817 3413 4173 1716 2926 9082 6704 8174 9535 3308 5844 1181
10 3192 1153 749 1227 5809 1820 5471 9916 1550 6833
14 3843 7956 1388 7933 8510 9523 3014 1881 2501 9023 3168 2268 3354 8574
7 5571 2627 6943 1015 5926 7968 7100
7 1519 2866 1634 1786 9113 4735 1237
11 216 9954 1706 6122 4367 7125 7106 6495 9030 1981 4337
13 943 7370 982 3342 3874 5286 4995 4936 575 8484 7951 2737 2796
11 6497 1252 6685 4484 7644 7396 8542 9679 196 5586 1209
12 3935 3526 8809 6116 2778 1580 2749 1361 677 8376 5582 7938
8 8606 3066 105 2828 9912 2862 8522 3457
6 1930 8219 9143 9904 5795 2143
8 533 5150 7604 1119 9347 6901 7677 9064
8 6196 6002 2571 5864 8953 253 9962 2329
12 975 2458 2621 9631 4039 3800 9193 31 1518 7856 6059 6303
9 5622 613 2277 6144 5515 1594 9398 5907 4407
8 1847 5982 3998 2731 1263 6153 5734 2915
6 6193 1953 7713 6503 6798 287
8 3085 1806 5873 6840 9377 2990 3328 6169
11 5030 8035 1013 7306 4927 7520 5380 9285 2514 2008 7517
10 5951 4504 1405 3793 6356 6203 9320 6311 4841 4297
10 2426 826 8308 4450 2510 1316 5466 8660 3687 5685
11 2797 4159 2366 632 1731 634 1333 6534 8165 7089 6881
11 7206 9298 11 6273 8567 3450 8081 787 4877 6415 5294
9 1984 1561 5232 4228 2308 3041 731 4798 3697
11 4691 2899 4362 5437 892 6909 8533 717 581 8582 1454
13 7743 7140 1586 5234 7480 894 6838 455 486 4584 5593 6327 7192
13 9917 2464 4991 3809 3564 2405 9342 4416 7991 2703 1834 8197 2275
10 1371 6900 9234 9905 5629 1958 5882 4840 1449 882
9 7025 1277 5649 3237 732 6222 5985 497 5386
13 9482 1494 4865 1502 329 6103 9069 3369 5305 7602 3779 6052 20
9 8839 7241 1443 10 9713 856 5936 5110 321
9 4868 6342 8556 6688 4075 4381 9099 6499 6022
12 9249 302 7943 2476 3624 2294 160 8192 9863 8516 262 3045
12 3064 5394 4800 7266 2160 5316 692 7618 9710 192 9934 9765
9 2746 423 1254 1874 2093 7858 9041 2712 8792
14 4068 8369 3657 4198 6031 4569 8535 4105 1765 6136 621 7280 4746 2261
6 4781 1945 3938 426 661 5536
10 7301 1966 374 9686 5575 7544 7791 7413 860 617
15 4994 1725 1056 609 4849 4816 6848 1372 9201 4884 1877 3988 3274 6667 9947
11 1381 8408 4510 44 1957 6293 6709 9476 2976 6431 3652
13 9989 3850 3398 974 7498 7197 7342 9950 7477 4291 4517 8117 1601
10 660 8415 9184 1164 4908 8845 3717 9759 3493 8218
11 1817 6697 8226 9715 9602 1997 5408 9074 427 9517 6916
11 2222 5025 7019 399 5946 2784 1576 1474 7166 3015 5276
12 9591 4116 7466 6963 5702 9253 8515 6465 6076 1509 2706 843
13 8873 8426 3132 3108 6219 7252 464 9221 6408 9112 4666 4020 5813
8 5532 2115 2721 2095 8241 5459 9208 6867
7 3362 7550 6477 3936 9788 1943 5660
10 2931 2898 6248 7683 7711 6713 5711 2709 1800 8077
7 8704 8342 9582 7281 2533 8981 9170
11 168 8900 1084 9102 8789 9025 3098 6745 2962 2054 8955
8 9813 3542 8203 7287 2718 7583 8708 2953
14 3220 483 853 4216 8531 7360 7601 4366 7119 8343 7457 218 9148 2885
9 4016 4102 5337 9022 3706 3859 3214 7770 5728
12 5476 3631 118 1755 3219 4320 4959 9978 1626 6818 4531 5747
6 5773 5173 8058 1682 7508 6761
14 9627 3783 4229 3194 1970 1110 6560 3848 754 3154 9766 8695 8002 8485
11 2489 6905 9265 3165 6541 9865 3588 7616 8637 4369 3655
7 3830 4610 6832 2248 4646 8846 2812
6 3729 3163 4681 2203 9886 79
9 8357 8922 5155 699 9277 8112 1947 1811 9637
7 1608 4676 3943 4326 77 2819 8100
12 7656 875 4786 2503 7736 2732 1108 4721 7354 1527 7048 6506
8 8525 6839 6661 8554 2214 3752 809 2211
8 9199 4806 6536 2831 7905 2025 6717 8712
10 9078 4595 9972 2454 1900 8576 8306 3459 4008 3909
7 9993 683 8942 8672 7453 7463 5225
13 493 1382 2702 8703 4403 347 2856 3447 8747 1378 3713 6828 6577
9 7188 2121 3971 1497 9450 4042 2360 1859 1393
10 3367 6731 3546 1374 9101 9524 3111 5764 9805 4688
9 2344 7786 2742 9508 6769 1790 1347 3239 1375
8 1448 9651 1845 898 9878 2197 3224 442
10 5654 1200 8326 7987 459 942 3141 3478 6797 517
10 9077 5624 8648 296 4705 6086 7524 6260 6631 7332
10 2922 1162 4920 2934 6478 6053 1281 5158 8043 5715
10 3473 8098 7963 7714 2824 3559 2104 4783 8736 7617
10 3020 4253 2302 2336 4993 7052 3112 4061 3578 5521
12 1037 5567 269 2377 5709 4651 7228 4850 469 7551 6324 7895
12 3343 1065 2605 2978 4999 932 2437 6077 2427 485 1279 5812
8 4234 4876 2374 5016 9034 8527 2422 9633
9 1072 9834 5140 9610 6316 9020 2491 3661 9661
12 1054 9534 4596 2128 7814 752 8706 2072 6335 5300 6583 4984
9 3093 4863 9597 9479 5319 959 2398 3948 5819
13 7054 2078 2200 3109 1438 8102 6702 1183 7967 5599 5665 2927 8803
10 5668 5541 5468 9656 4038 1017 1583 6339 9576 8940
11 6604 4133 1129 1982 2340 5686 1112 9924 4593 5560 3208
10 5879 9720 8963 6297 5753 2896 9205 2553 3510 4319
11 402 1238 6451 1901 6529 7092 8802 7868 349 5776 1812
7 6957 8188 7074 2884 8179 2618 25
10 3834 8051 6958 5085 9722 808 312 5017 1815 7121
8 9379 9331 7445 614 197 2282 8323 8772
8 3725 9623 9318 1447 2109 6139 7754 6782
10 688 8971 610 376 8881 5719 1318 4907 7687 7505
8 4273 2089 3995 2597 9881 9181 6636 8075
10 3482 2319 9465 776 6937 579 770 2638 3424 2626
7 6827 6420 6887 1685 9948 737 3070
15 6046 5058 1233 1309 6976 1987 7168 5088 18 2162 3426 3699 6799 2046 1628
8 6089 4558 607 7998 7902 695 3688 9176
10 2300 1107 3613 3029 7857 1297 4255 8811 8902 3727
11 7507 8059 1617 5243 7303 2669 8088 3627 1337 7289 6366
8 1779 147 5422 4787 6110 6733 5359 7647
9 4862 4409 7224 7977 1546 7512 6801 8202 6289
12 6237 6674 6143 3253 2690 6926 6852 6254 7101 7619 3498 6080
6 7302 3538 9226 3352 6517 315
11 4025 1960 115 5438 2682 6608 1328 9503 6501 2987 8275
9 3463 3245 9225 2079 542 4613 8160 983 859
7 2639 1075 829 1633 2177 1529 9004
9 4073 3726 9569 2875 5019 2285 7486 4108 8045
11 8257 6230 9757 5212 8806 8739 4000 8852 9291 4176 1841
9 4127 7459 5735 6662 8647 9364 1869 1878 2434
9 6458 2347 1500 3374 3947 2486 3135 4505 8738
8 7044 2225 6700 4606 3469 441 4036 8763
10 490 463 139 3140 2449 7461 2566 6489 8136 3002
10 1392 1351 6336 1332 9433 5981 6771 8104 8252 3084
14 1373 6462 2287 6512 6023 6070 4780 8664 1481 2392 6602 1989 7523 640
10 5620 4755 146 1455 9945 1005 2612 8127 5452 4741
11 2276 5745 1463 4463 3521 6579 9348 6209 4485 88 8243
12 1030 5097 6318 9402 1646 1979 6355 186 3022 2545 1686 4608
8 1861 5061 3257 5589 2284 8929 4624 9903
13 5318 110 2889 8221 2660 2764 3087 786 9486 4663 5120 8014 1951
11 8124 1063 8196 5628 2172 4024 8838 5358 8818 3081 1357
10 8026 9131 1715 7012 5011 8405 712 6911 8010 1538
8 529 6353 3933 7548 4265 4848 6467 5657
9 5610 9654 3294 6066 5217 9063 5932 5824 8030
7 7696 7818 9108 7073 7799 6981 6774
13 3039 4555 2723 7254 8719 5933 5922 8229 7169 6592 9036 6825 6
8 8861 6126 4324 1432 708 3990 9472 149
9 7803 151 6019 4912 1506 6241 8998 1475 5872
9 7840 1832 1232 3593 6391 50 114 1514 7734
7 9551 1018 7389 5765 316 7444 9028
11 1468 9125 4668 9009 5576 8411 5792 876 9608 783 4012
7 5330 8449 6917 7562 7454 8748 8287
13 2463 7570 1884 3967 3597 9541 9146 1501 3980 5785 129 7669 2729
11 2581 3270 1006 7497 1041 6723 7465 1331 9301 4210 9652
6 4106 3749 3977 3691 3994 4121
8 1842 797 7434 2575 1827 543 7339 6290
7 5056 992 7357 7372 8676 9514 8622
10 6949 7064 5676 1251 6455 4427 6101 6913 4242 8690
